Start testing: Sep 03 02:49 UTC
----------------------------------------------------------
1/3 Testing: Square root of positive numbers
1/3 Test: Square root of positive numbers
Command: "/workspaces/DSA-assignment-and-labs/catch2-lab/lab0/build/tests" "Square root of positive numbers"
Directory: /workspaces/DSA-assignment-and-labs/catch2-lab/lab0/build
"Square root of positive numbers" start time: Sep 03 02:49 UTC
Output:
----------------------------------------------------------
Filters: "Square root of positive numbers"
Randomness seeded to: 2708557844
===============================================================================
All tests passed (2 assertions in 1 test case)

<end of output>
Test time =   0.00 sec
----------------------------------------------------------
Test Passed.
"Square root of positive numbers" end time: Sep 03 02:49 UTC
"Square root of positive numbers" time elapsed: 00:00:00
----------------------------------------------------------

2/3 Testing: Square root of negative numbers
2/3 Test: Square root of negative numbers
Command: "/workspaces/DSA-assignment-and-labs/catch2-lab/lab0/build/tests" "Square root of negative numbers"
Directory: /workspaces/DSA-assignment-and-labs/catch2-lab/lab0/build
"Square root of negative numbers" start time: Sep 03 02:49 UTC
Output:
----------------------------------------------------------
Filters: "Square root of negative numbers"
Randomness seeded to: 4063194115
===============================================================================
All tests passed (1 assertion in 1 test case)

<end of output>
Test time =   0.00 sec
----------------------------------------------------------
Test Passed.
"Square root of negative numbers" end time: Sep 03 02:49 UTC
"Square root of negative numbers" time elapsed: 00:00:00
----------------------------------------------------------

3/3 Testing: Square root of non-perfect squares
3/3 Test: Square root of non-perfect squares
Command: "/workspaces/DSA-assignment-and-labs/catch2-lab/lab0/build/tests" "Square root of non-perfect squares"
Directory: /workspaces/DSA-assignment-and-labs/catch2-lab/lab0/build
"Square root of non-perfect squares" start time: Sep 03 02:49 UTC
Output:
----------------------------------------------------------
Filters: "Square root of non-perfect squares"
Randomness seeded to: 9088044
===============================================================================
All tests passed (1 assertion in 1 test case)

<end of output>
Test time =   0.00 sec
----------------------------------------------------------
Test Passed.
"Square root of non-perfect squares" end time: Sep 03 02:49 UTC
"Square root of non-perfect squares" time elapsed: 00:00:00
----------------------------------------------------------

End testing: Sep 03 02:49 UTC
