Start testing: Sep 08 03:05 UTC
----------------------------------------------------------
1/4 Testing: Student JSON serialization
1/4 Test: Student JSON serialization
Command: "/workspaces/DSA-assignment-and-labs/lab 1.2/build/tests" "Student JSON serialization"
Directory: /workspaces/DSA-assignment-and-labs/lab 1.2/build
"Student JSON serialization" start time: Sep 08 03:05 UTC
Output:
----------------------------------------------------------
Filters: "Student JSON serialization"
Randomness seeded to: 4079263507
===============================================================================
All tests passed (3 assertions in 1 test case)

<end of output>
Test time =   0.13 sec
----------------------------------------------------------
Test Passed.
"Student JSON serialization" end time: Sep 08 03:05 UTC
"Student JSON serialization" time elapsed: 00:00:00
----------------------------------------------------------

2/4 Testing: Instructor YAML serialization
2/4 Test: Instructor YAML serialization
Command: "/workspaces/DSA-assignment-and-labs/lab 1.2/build/tests" "Instructor YAML serialization"
Directory: /workspaces/DSA-assignment-and-labs/lab 1.2/build
"Instructor YAML serialization" start time: Sep 08 03:05 UTC
Output:
----------------------------------------------------------
Filters: "Instructor YAML serialization"
Randomness seeded to: 626481057
===============================================================================
All tests passed (2 assertions in 1 test case)

<end of output>
Test time =   0.00 sec
----------------------------------------------------------
Test Passed.
"Instructor YAML serialization" end time: Sep 08 03:05 UTC
"Instructor YAML serialization" time elapsed: 00:00:00
----------------------------------------------------------

3/4 Testing: CSV escaping handles commas and quotes
3/4 Test: CSV escaping handles commas and quotes
Command: "/workspaces/DSA-assignment-and-labs/lab 1.2/build/tests" "CSV escaping handles commas and quotes"
Directory: /workspaces/DSA-assignment-and-labs/lab 1.2/build
"CSV escaping handles commas and quotes" start time: Sep 08 03:05 UTC
Output:
----------------------------------------------------------
Filters: "CSV escaping handles commas and quotes"
Randomness seeded to: 4203364843
===============================================================================
All tests passed (1 assertion in 1 test case)

<end of output>
Test time =   0.00 sec
----------------------------------------------------------
Test Passed.
"CSV escaping handles commas and quotes" end time: Sep 08 03:05 UTC
"CSV escaping handles commas and quotes" time elapsed: 00:00:00
----------------------------------------------------------

4/4 Testing: Validation throws on bad email
4/4 Test: Validation throws on bad email
Command: "/workspaces/DSA-assignment-and-labs/lab 1.2/build/tests" "Validation throws on bad email"
Directory: /workspaces/DSA-assignment-and-labs/lab 1.2/build
"Validation throws on bad email" start time: Sep 08 03:05 UTC
Output:
----------------------------------------------------------
Filters: "Validation throws on bad email"
Randomness seeded to: 607070619
===============================================================================
All tests passed (1 assertion in 1 test case)

<end of output>
Test time =   0.01 sec
----------------------------------------------------------
Test Passed.
"Validation throws on bad email" end time: Sep 08 03:05 UTC
"Validation throws on bad email" time elapsed: 00:00:00
----------------------------------------------------------

End testing: Sep 08 03:05 UTC
